<?xml version="1.0" encoding="UTF-8"?>
<!-- Generated by org.testng.reporters.JUnitReportReporter -->
<testsuite skipped="1" hostname="DESKTOP-5L542VU" name="wta_orgtest.gooutsidepagetest" tests="2" failures="0" timestamp="10 Feb 2018 16:20:17 GMT" time="13.333" errors="0">
  <testcase name="searchhike" time="13.333" classname="wta_orgtest.gooutsidepagetest"/>
  <testcase name="navtogooutsidepage" classname="wta_orgtest.gooutsidepagetest">
    <skipped/>
  </testcase> <!-- navtogooutsidepage -->
</testsuite> <!-- wta_orgtest.gooutsidepagetest -->
