<?xml version="1.0" encoding="UTF-8"?>
<!-- Generated by org.testng.reporters.JUnitReportReporter -->
<testsuite skipped="4" hostname="DESKTOP-5L542VU" name="wta_orgtest.homepagetest" tests="5" failures="0" timestamp="10 Feb 2018 16:20:17 GMT" time="8.655" errors="0">
  <testcase name="navtonewspage" time="8.655" classname="wta_orgtest.homepagetest"/>
  <testcase name="Searchtext" classname="wta_orgtest.homepagetest">
    <skipped/>
  </testcase> <!-- Searchtext -->
  <testcase name="mybackpackoption" classname="wta_orgtest.homepagetest">
    <skipped/>
  </testcase> <!-- mybackpackoption -->
  <testcase name="contenttest" classname="wta_orgtest.homepagetest">
    <skipped/>
  </testcase> <!-- contenttest -->
  <testcase name="navtodonatepage" classname="wta_orgtest.homepagetest">
    <skipped/>
  </testcase> <!-- navtodonatepage -->
</testsuite> <!-- wta_orgtest.homepagetest -->
